Build started 5/13/2013 3:46:48 PM.
     1>Project "C:\Users\HP\Documents\Visual Studio 2010\Projects\Peer\Peer\Peer.vcxproj" on node 2 (build target(s)).
     1>InitializeBuildStatus:
         Creating "Debug\Peer.unsuccessfulbuild" because "AlwaysCreate" was specified.
       ClCompile:
         All outputs are up-to-date.
         c:\Program Files (x86)\Microsoft Visual Studio 10.0\VC\bin\CL.exe /c /ZI /nologo /W3 /WX- /Od /Oy- /D WIN32 /D _DEBUG /D _CONSOLE /D _UNICODE /D UNICODE /Gm /EHsc /RTC1 /MDd /GS /fp:precise /Zc:wchar_t /Zc:forScope /Yu"StdAfx.h" /Fp"Debug\Peer.pch" /Fo"Debug\\" /Fd"Debug\vc100.pdb" /Gd /TP /analyze- /errorReport:prompt Peer.cpp
         Peer.cpp
     1>c:\users\hp\documents\visual studio 2010\projects\peer\peer\peer.cpp(158): warning C4996: 'strncpy': This function or variable may be unsafe. Consider using strncpy_s instead. To disable deprecation, use _CRT_SECURE_NO_WARNINGS. See online help for details.
                 c:\program files (x86)\microsoft visual studio 10.0\vc\include\string.h(188) : see declaration of 'strncpy'
     1>c:\users\hp\documents\visual studio 2010\projects\peer\peer\peer.cpp(191): warning C4996: 'strncpy': This function or variable may be unsafe. Consider using strncpy_s instead. To disable deprecation, use _CRT_SECURE_NO_WARNINGS. See online help for details.
                 c:\program files (x86)\microsoft visual studio 10.0\vc\include\string.h(188) : see declaration of 'strncpy'
     1>c:\users\hp\documents\visual studio 2010\projects\peer\peer\peer.cpp(208): warning C4996: 'strncpy': This function or variable may be unsafe. Consider using strncpy_s instead. To disable deprecation, use _CRT_SECURE_NO_WARNINGS. See online help for details.
                 c:\program files (x86)\microsoft visual studio 10.0\vc\include\string.h(188) : see declaration of 'strncpy'
       Link:
         c:\Program Files (x86)\Microsoft Visual Studio 10.0\VC\bin\link.exe /ERRORREPORT:PROMPT /OUT:"C:\Users\HP\Documents\Visual Studio 2010\Projects\Peer\Debug\Peer.exe" /INCREMENTAL:NO /NOLOGO kernel32.lib user32.lib gdi32.lib winspool.lib comdlg32.lib advapi32.lib shell32.lib ole32.lib oleaut32.lib uuid.lib odbc32.lib odbccp32.lib /MANIFEST /ManifestFile:"Debug\Peer.exe.intermediate.manifest" /MANIFESTUAC:"level='asInvoker' uiAccess='false'" /DEBUG /PDB:"C:\Users\HP\Documents\Visual Studio 2010\Projects\Peer\Debug\Peer.pdb" /SUBSYSTEM:CONSOLE /TLBID:1 /DYNAMICBASE /NXCOMPAT /IMPLIB:"C:\Users\HP\Documents\Visual Studio 2010\Projects\Peer\Debug\Peer.lib" /MACHINE:X86 Debug\Peer.obj
         Debug\stdafx.obj
     1>Peer.obj : warning LNK4075: ignoring '/EDITANDCONTINUE' due to '/INCREMENTAL:NO' specification
         Peer.vcxproj -> C:\Users\HP\Documents\Visual Studio 2010\Projects\Peer\Debug\Peer.exe
       Manifest:
         C:\Program Files (x86)\Microsoft SDKs\Windows\v7.0A\bin\mt.exe /nologo /verbose /outputresource:"C:\Users\HP\Documents\Visual Studio 2010\Projects\Peer\Debug\Peer.exe;#1" /manifest Debug\Peer.exe.intermediate.manifest
       FinalizeBuildStatus:
         Deleting file "Debug\Peer.unsuccessfulbuild".
         Touching "Debug\Peer.lastbuildstate".
     1>Done Building Project "C:\Users\HP\Documents\Visual Studio 2010\Projects\Peer\Peer\Peer.vcxproj" (build target(s)).

Build succeeded.

Time Elapsed 00:00:03.77
